2022-05-26 13:13:45,370 INFO org.springframework.boot.StartupInfoLogger [restartedMain] Starting EurekaServerApplication using Java 17.0.2 on IBM-PF3AMCN3 with PID 4028 (C:\Users\108000781\Documents\Eureka_Server\target\classes started by 108000781 in C:\Users\108000781\Documents\Eureka_Server)
2022-05-26 13:13:45,378 INFO org.springframework.boot.SpringApplication [restartedMain] No active profile set, falling back to 1 default profile: "default"
2022-05-26 13:13:45,445 INFO org.springframework.boot.logging.DeferredLog [restartedMain] Devtools property defaults active! Set 'spring.devtools.add-properties' to 'false' to disable
2022-05-26 13:13:45,453 INFO org.springframework.boot.logging.DeferredLog [restartedMain] For additional web related logging consider setting the 'logging.level.web' property to 'DEBUG'
2022-05-26 13:13:47,541 INFO org.springframework.cloud.context.scope.GenericScope [restartedMain] BeanFactory id=33c69553-704c-3286-8509-52140707e803
2022-05-26 13:13:48,522 INFO org.springframework.boot.web.embedded.tomcat.TomcatWebServer [restartedMain] Tomcat initialized with port(s): 8761 (http)
2022-05-26 13:13:48,542 INFO org.apache.juli.logging.DirectJDKLog [restartedMain] Initializing ProtocolHandler ["http-nio-8761"]
2022-05-26 13:13:48,544 INFO org.apache.juli.logging.DirectJDKLog [restartedMain] Starting service [Tomcat]
2022-05-26 13:13:48,545 INFO org.apache.juli.logging.DirectJDKLog [restartedMain] Starting Servlet engine: [Apache Tomcat/9.0.63]
2022-05-26 13:13:48,839 INFO org.apache.juli.logging.DirectJDKLog [restartedMain] Initializing Spring embedded WebApplicationContext
2022-05-26 13:13:48,840 INFO org.springframework.boot.web.servlet.context.ServletWebServerApplicationContext [restartedMain] Root WebApplicationContext: initialization completed in 3386 ms
2022-05-26 13:13:49,724 INFO com.sun.jersey.server.impl.application.WebApplicationImpl [restartedMain] Initiating Jersey application, version 'Jersey: 1.19.4 05/24/2017 03:20 PM'
2022-05-26 13:13:49,905 INFO com.netflix.discovery.provider.DiscoveryJerseyProvider [restartedMain] Using JSON encoding codec LegacyJacksonJson
2022-05-26 13:13:49,912 INFO com.netflix.discovery.provider.DiscoveryJerseyProvider [restartedMain] Using JSON decoding codec LegacyJacksonJson
2022-05-26 13:13:50,673 INFO com.netflix.discovery.provider.DiscoveryJerseyProvider [restartedMain] Using XML encoding codec XStreamXml
2022-05-26 13:13:50,675 INFO com.netflix.discovery.provider.DiscoveryJerseyProvider [restartedMain] Using XML decoding codec XStreamXml
2022-05-26 13:13:55,371 INFO org.springframework.boot.devtools.autoconfigure.OptionalLiveReloadServer [restartedMain] LiveReload server is running on port 35729
2022-05-26 13:13:55,908 INFO org.springframework.cloud.netflix.eureka.config.DiscoveryClientOptionalArgsConfiguration [restartedMain] Eureka HTTP Client uses Jersey
2022-05-26 13:13:56,113 WARN org.springframework.cloud.loadbalancer.config.LoadBalancerCacheAutoConfiguration$LoadBalancerCaffeineWarnLogger [restartedMain] Spring Cloud LoadBalancer is currently working with the default cache. While this cache implementation is useful for development and tests, it's recommended to use Caffeine cache in production.You can switch to using Caffeine cache, by adding it and org.springframework.cache.caffeine.CaffeineCacheManager to the classpath.
2022-05-26 13:13:56,190 INFO org.springframework.cloud.netflix.eureka.InstanceInfoFactory [restartedMain] Setting initial instance status as: STARTING
2022-05-26 13:13:56,313 INFO com.netflix.discovery.DiscoveryClient [restartedMain] Initializing Eureka in region us-east-1
2022-05-26 13:13:56,315 INFO com.netflix.discovery.DiscoveryClient [restartedMain] Client configured to neither register nor query for data.
2022-05-26 13:13:56,353 INFO com.netflix.discovery.DiscoveryClient [restartedMain] Discovery Client initialized at timestamp 1653588836349 with initial instances count: 0
2022-05-26 13:13:56,528 INFO com.netflix.eureka.DefaultEurekaServerContext [restartedMain] Initializing ...
2022-05-26 13:13:56,539 INFO com.netflix.eureka.cluster.PeerEurekaNodes [restartedMain] Adding new peer nodes [http://localhost:8761/eureka/]
2022-05-26 13:13:56,811 INFO com.netflix.discovery.provider.DiscoveryJerseyProvider [restartedMain] Using JSON encoding codec LegacyJacksonJson
2022-05-26 13:13:56,812 INFO com.netflix.discovery.provider.DiscoveryJerseyProvider [restartedMain] Using JSON decoding codec LegacyJacksonJson
2022-05-26 13:13:56,812 INFO com.netflix.discovery.provider.DiscoveryJerseyProvider [restartedMain] Using XML encoding codec XStreamXml
2022-05-26 13:13:56,812 INFO com.netflix.discovery.provider.DiscoveryJerseyProvider [restartedMain] Using XML decoding codec XStreamXml
2022-05-26 13:13:57,109 INFO org.apache.juli.logging.DirectJDKLog [RMI TCP Connection(3)-127.0.0.1] Initializing Spring DispatcherServlet 'dispatcherServlet'
2022-05-26 13:13:57,110 INFO org.springframework.web.servlet.FrameworkServlet [RMI TCP Connection(3)-127.0.0.1] Initializing Servlet 'dispatcherServlet'
2022-05-26 13:13:57,332 INFO com.netflix.eureka.cluster.PeerEurekaNodes [restartedMain] Replica node URL:  http://localhost:8761/eureka/
2022-05-26 13:13:57,407 INFO com.netflix.eureka.registry.AbstractInstanceRegistry [restartedMain] Finished initializing remote region registries. All known remote regions: []
2022-05-26 13:13:57,425 INFO com.netflix.eureka.DefaultEurekaServerContext [restartedMain] Initialized
2022-05-26 13:13:57,436 INFO org.springframework.boot.actuate.endpoint.web.EndpointLinksResolver [RMI TCP Connection(3)-127.0.0.1] Exposing 1 endpoint(s) beneath base path '/actuator'
2022-05-26 13:13:57,459 INFO org.springframework.web.servlet.FrameworkServlet [RMI TCP Connection(3)-127.0.0.1] Completed initialization in 349 ms
2022-05-26 13:13:57,592 INFO org.springframework.cloud.netflix.eureka.serviceregistry.EurekaServiceRegistry [restartedMain] Registering application API-EUREKA-SERVER with eureka with status UP
2022-05-26 13:13:57,598 INFO org.apache.juli.logging.DirectJDKLog [restartedMain] Starting ProtocolHandler ["http-nio-8761"]
2022-05-26 13:13:57,619 INFO org.springframework.cloud.netflix.eureka.server.EurekaServerBootstrap [Thread-15] isAws returned false
2022-05-26 13:13:57,620 INFO org.springframework.cloud.netflix.eureka.server.EurekaServerBootstrap [Thread-15] Initialized server context
2022-05-26 13:13:57,621 INFO com.netflix.eureka.registry.PeerAwareInstanceRegistryImpl [Thread-15] Got 1 instances from neighboring DS node
2022-05-26 13:13:57,622 INFO com.netflix.eureka.registry.PeerAwareInstanceRegistryImpl [Thread-15] Renew threshold is: 1
2022-05-26 13:13:57,622 INFO com.netflix.eureka.registry.PeerAwareInstanceRegistryImpl [Thread-15] Changing status to UP
2022-05-26 13:13:57,664 INFO org.springframework.boot.web.embedded.tomcat.TomcatWebServer [restartedMain] Tomcat started on port(s): 8761 (http) with context path ''
2022-05-26 13:13:57,666 INFO org.springframework.cloud.netflix.eureka.serviceregistry.EurekaAutoServiceRegistration [restartedMain] Updating port to 8761
2022-05-26 13:13:57,737 INFO org.springframework.cloud.netflix.eureka.server.EurekaServerInitializerConfiguration [Thread-15] Started Eureka Server
2022-05-26 13:13:57,925 INFO org.springframework.boot.StartupInfoLogger [restartedMain] Started EurekaServerApplication in 13.652 seconds (JVM running for 16.034)
2022-05-26 13:14:57,625 INFO com.netflix.eureka.registry.AbstractInstanceRegistry$EvictionTask [Eureka-EvictionTimer] Running the evict task with compensationTime 0ms
2022-05-26 13:30:08,461 INFO org.springframework.boot.StartupInfoLogger [restartedMain] Starting EurekaServerApplication using Java 17.0.2 on IBM-PF3AMCN3 with PID 18592 (C:\Users\108000781\Documents\Eureka_Server\target\classes started by 108000781 in C:\Users\108000781\Documents\Eureka_Server)
2022-05-26 13:30:08,468 INFO org.springframework.boot.SpringApplication [restartedMain] No active profile set, falling back to 1 default profile: "default"
2022-05-26 13:30:08,548 INFO org.springframework.boot.logging.DeferredLog [restartedMain] Devtools property defaults active! Set 'spring.devtools.add-properties' to 'false' to disable
2022-05-26 13:30:08,549 INFO org.springframework.boot.logging.DeferredLog [restartedMain] For additional web related logging consider setting the 'logging.level.web' property to 'DEBUG'
2022-05-26 13:30:10,497 INFO org.springframework.cloud.context.scope.GenericScope [restartedMain] BeanFactory id=33c69553-704c-3286-8509-52140707e803
2022-05-26 13:30:11,202 INFO org.springframework.boot.web.embedded.tomcat.TomcatWebServer [restartedMain] Tomcat initialized with port(s): 8761 (http)
2022-05-26 13:30:11,213 INFO org.apache.juli.logging.DirectJDKLog [restartedMain] Initializing ProtocolHandler ["http-nio-8761"]
2022-05-26 13:30:11,216 INFO org.apache.juli.logging.DirectJDKLog [restartedMain] Starting service [Tomcat]
2022-05-26 13:30:11,216 INFO org.apache.juli.logging.DirectJDKLog [restartedMain] Starting Servlet engine: [Apache Tomcat/9.0.63]
2022-05-26 13:30:11,446 INFO org.apache.juli.logging.DirectJDKLog [restartedMain] Initializing Spring embedded WebApplicationContext
2022-05-26 13:30:11,447 INFO org.springframework.boot.web.servlet.context.ServletWebServerApplicationContext [restartedMain] Root WebApplicationContext: initialization completed in 2897 ms
2022-05-26 13:30:12,366 INFO com.sun.jersey.server.impl.application.WebApplicationImpl [restartedMain] Initiating Jersey application, version 'Jersey: 1.19.4 05/24/2017 03:20 PM'
2022-05-26 13:30:12,437 INFO com.netflix.discovery.provider.DiscoveryJerseyProvider [restartedMain] Using JSON encoding codec LegacyJacksonJson
2022-05-26 13:30:12,439 INFO com.netflix.discovery.provider.DiscoveryJerseyProvider [restartedMain] Using JSON decoding codec LegacyJacksonJson
2022-05-26 13:30:12,818 INFO com.netflix.discovery.provider.DiscoveryJerseyProvider [restartedMain] Using XML encoding codec XStreamXml
2022-05-26 13:30:12,818 INFO com.netflix.discovery.provider.DiscoveryJerseyProvider [restartedMain] Using XML decoding codec XStreamXml
2022-05-26 13:30:14,927 INFO org.springframework.boot.devtools.autoconfigure.OptionalLiveReloadServer [restartedMain] LiveReload server is running on port 35729
2022-05-26 13:30:15,246 INFO org.springframework.cloud.netflix.eureka.config.DiscoveryClientOptionalArgsConfiguration [restartedMain] Eureka HTTP Client uses Jersey
2022-05-26 13:30:15,381 WARN org.springframework.cloud.loadbalancer.config.LoadBalancerCacheAutoConfiguration$LoadBalancerCaffeineWarnLogger [restartedMain] Spring Cloud LoadBalancer is currently working with the default cache. While this cache implementation is useful for development and tests, it's recommended to use Caffeine cache in production.You can switch to using Caffeine cache, by adding it and org.springframework.cache.caffeine.CaffeineCacheManager to the classpath.
2022-05-26 13:30:15,420 INFO org.springframework.cloud.netflix.eureka.InstanceInfoFactory [restartedMain] Setting initial instance status as: STARTING
2022-05-26 13:30:15,489 INFO com.netflix.discovery.DiscoveryClient [restartedMain] Initializing Eureka in region us-east-1
2022-05-26 13:30:15,490 INFO com.netflix.discovery.DiscoveryClient [restartedMain] Client configured to neither register nor query for data.
2022-05-26 13:30:15,505 INFO com.netflix.discovery.DiscoveryClient [restartedMain] Discovery Client initialized at timestamp 1653589815504 with initial instances count: 0
2022-05-26 13:30:15,564 INFO com.netflix.eureka.DefaultEurekaServerContext [restartedMain] Initializing ...
2022-05-26 13:30:15,568 INFO com.netflix.eureka.cluster.PeerEurekaNodes [restartedMain] Adding new peer nodes [http://localhost:8761/eureka/]
2022-05-26 13:30:15,936 INFO com.netflix.discovery.provider.DiscoveryJerseyProvider [restartedMain] Using JSON encoding codec LegacyJacksonJson
2022-05-26 13:30:15,936 INFO com.netflix.discovery.provider.DiscoveryJerseyProvider [restartedMain] Using JSON decoding codec LegacyJacksonJson
2022-05-26 13:30:15,937 INFO com.netflix.discovery.provider.DiscoveryJerseyProvider [restartedMain] Using XML encoding codec XStreamXml
2022-05-26 13:30:15,937 INFO com.netflix.discovery.provider.DiscoveryJerseyProvider [restartedMain] Using XML decoding codec XStreamXml
2022-05-26 13:30:16,185 INFO org.apache.juli.logging.DirectJDKLog [RMI TCP Connection(3)-127.0.0.1] Initializing Spring DispatcherServlet 'dispatcherServlet'
2022-05-26 13:30:16,186 INFO org.springframework.web.servlet.FrameworkServlet [RMI TCP Connection(3)-127.0.0.1] Initializing Servlet 'dispatcherServlet'
2022-05-26 13:30:16,282 INFO com.netflix.eureka.cluster.PeerEurekaNodes [restartedMain] Replica node URL:  http://localhost:8761/eureka/
2022-05-26 13:30:16,326 INFO com.netflix.eureka.registry.AbstractInstanceRegistry [restartedMain] Finished initializing remote region registries. All known remote regions: []
2022-05-26 13:30:16,338 INFO com.netflix.eureka.DefaultEurekaServerContext [restartedMain] Initialized
2022-05-26 13:30:16,343 INFO org.springframework.boot.actuate.endpoint.web.EndpointLinksResolver [RMI TCP Connection(3)-127.0.0.1] Exposing 1 endpoint(s) beneath base path '/actuator'
2022-05-26 13:30:16,356 INFO org.springframework.web.servlet.FrameworkServlet [RMI TCP Connection(3)-127.0.0.1] Completed initialization in 170 ms
2022-05-26 13:30:16,506 INFO org.springframework.cloud.netflix.eureka.serviceregistry.EurekaServiceRegistry [restartedMain] Registering application API-EUREKA-SERVER with eureka with status UP
2022-05-26 13:30:16,512 INFO org.apache.juli.logging.DirectJDKLog [restartedMain] Starting ProtocolHandler ["http-nio-8761"]
2022-05-26 13:30:16,532 INFO org.springframework.cloud.netflix.eureka.server.EurekaServerBootstrap [Thread-15] isAws returned false
2022-05-26 13:30:16,533 INFO org.springframework.cloud.netflix.eureka.server.EurekaServerBootstrap [Thread-15] Initialized server context
2022-05-26 13:30:16,535 INFO com.netflix.eureka.registry.PeerAwareInstanceRegistryImpl [Thread-15] Got 1 instances from neighboring DS node
2022-05-26 13:30:16,535 INFO com.netflix.eureka.registry.PeerAwareInstanceRegistryImpl [Thread-15] Renew threshold is: 1
2022-05-26 13:30:16,535 INFO com.netflix.eureka.registry.PeerAwareInstanceRegistryImpl [Thread-15] Changing status to UP
2022-05-26 13:30:16,579 INFO org.springframework.boot.web.embedded.tomcat.TomcatWebServer [restartedMain] Tomcat started on port(s): 8761 (http) with context path ''
2022-05-26 13:30:16,580 INFO org.springframework.cloud.netflix.eureka.serviceregistry.EurekaAutoServiceRegistration [restartedMain] Updating port to 8761
2022-05-26 13:30:16,664 INFO org.springframework.cloud.netflix.eureka.server.EurekaServerInitializerConfiguration [Thread-15] Started Eureka Server
2022-05-26 13:30:16,871 INFO org.springframework.boot.StartupInfoLogger [restartedMain] Started EurekaServerApplication in 9.47 seconds (JVM running for 11.914)
2022-05-26 13:30:32,611 INFO com.netflix.eureka.registry.AbstractInstanceRegistry [http-nio-8761-exec-2] Registered instance API-TARJETAS/host.docker.internal:api-tarjetas:9081 with status UP (replication=false)
2022-05-26 13:30:33,284 INFO com.netflix.eureka.registry.AbstractInstanceRegistry [http-nio-8761-exec-3] Registered instance API-TARJETAS/host.docker.internal:api-tarjetas:9081 with status UP (replication=true)
2022-05-26 13:31:16,538 INFO com.netflix.eureka.registry.AbstractInstanceRegistry$EvictionTask [Eureka-EvictionTimer] Running the evict task with compensationTime 0ms
2022-05-26 13:32:16,538 INFO com.netflix.eureka.registry.AbstractInstanceRegistry$EvictionTask [Eureka-EvictionTimer] Running the evict task with compensationTime 0ms
2022-05-26 13:33:03,580 INFO com.netflix.eureka.registry.AbstractInstanceRegistry [http-nio-8761-exec-2] Registered instance API-TARJETAS/host.docker.internal:api-tarjetas:9081 with status DOWN (replication=false)
2022-05-26 13:33:04,094 INFO com.netflix.eureka.registry.AbstractInstanceRegistry [http-nio-8761-exec-3] Registered instance API-TARJETAS/host.docker.internal:api-tarjetas:9081 with status DOWN (replication=true)
2022-05-26 13:33:06,712 INFO com.netflix.eureka.registry.AbstractInstanceRegistry [http-nio-8761-exec-4] Cancelled instance API-TARJETAS/host.docker.internal:api-tarjetas:9081 (replication=false)
2022-05-26 13:33:07,227 WARN com.netflix.eureka.registry.AbstractInstanceRegistry [http-nio-8761-exec-6] DS: Registry: cancel failed because Lease is not registered for: API-TARJETAS/host.docker.internal:api-tarjetas:9081
2022-05-26 13:33:07,228 INFO com.netflix.eureka.resources.InstanceResource [http-nio-8761-exec-6] Not Found (Cancel): API-TARJETAS - host.docker.internal:api-tarjetas:9081
2022-05-26 13:33:07,231 WARN com.netflix.eureka.cluster.ReplicationTask [TaskBatchingWorker-target_localhost-1] The replication of task API-TARJETAS/host.docker.internal:api-tarjetas:9081:Cancel@localhost failed with response code 404
2022-05-26 13:33:07,232 WARN com.netflix.eureka.cluster.PeerEurekaNode$2 [TaskBatchingWorker-target_localhost-1] API-TARJETAS/host.docker.internal:api-tarjetas:9081:Cancel@localhost: missing entry.
2022-05-26 13:33:12,353 INFO com.netflix.eureka.registry.AbstractInstanceRegistry [http-nio-8761-exec-10] Registered instance API-TARJETAS/api-tarjetas:5d64eb42ffda13b5d1337e01d3dc7037 with status UP (replication=false)
2022-05-26 13:33:12,862 INFO com.netflix.eureka.registry.AbstractInstanceRegistry [http-nio-8761-exec-9] Registered instance API-TARJETAS/api-tarjetas:5d64eb42ffda13b5d1337e01d3dc7037 with status UP (replication=true)
2022-05-26 13:33:15,529 INFO com.netflix.eureka.registry.AbstractInstanceRegistry [http-nio-8761-exec-1] Registered instance API-TARJETAS/api-tarjetas:5d64eb42ffda13b5d1337e01d3dc7037 with status DOWN (replication=false)
2022-05-26 13:33:16,036 INFO com.netflix.eureka.registry.AbstractInstanceRegistry [http-nio-8761-exec-2] Registered instance API-TARJETAS/api-tarjetas:5d64eb42ffda13b5d1337e01d3dc7037 with status DOWN (replication=true)
2022-05-26 13:33:16,539 INFO com.netflix.eureka.registry.AbstractInstanceRegistry$EvictionTask [Eureka-EvictionTimer] Running the evict task with compensationTime 0ms
2022-05-26 13:33:18,635 INFO com.netflix.eureka.registry.AbstractInstanceRegistry [http-nio-8761-exec-3] Cancelled instance API-TARJETAS/api-tarjetas:5d64eb42ffda13b5d1337e01d3dc7037 (replication=false)
2022-05-26 13:33:19,143 WARN com.netflix.eureka.registry.AbstractInstanceRegistry [http-nio-8761-exec-4] DS: Registry: cancel failed because Lease is not registered for: API-TARJETAS/api-tarjetas:5d64eb42ffda13b5d1337e01d3dc7037
2022-05-26 13:33:19,145 INFO com.netflix.eureka.resources.InstanceResource [http-nio-8761-exec-4] Not Found (Cancel): API-TARJETAS - api-tarjetas:5d64eb42ffda13b5d1337e01d3dc7037
2022-05-26 13:33:19,148 WARN com.netflix.eureka.cluster.ReplicationTask [TaskBatchingWorker-target_localhost-1] The replication of task API-TARJETAS/api-tarjetas:5d64eb42ffda13b5d1337e01d3dc7037:Cancel@localhost failed with response code 404
2022-05-26 13:33:19,148 WARN com.netflix.eureka.cluster.PeerEurekaNode$2 [TaskBatchingWorker-target_localhost-1] API-TARJETAS/api-tarjetas:5d64eb42ffda13b5d1337e01d3dc7037:Cancel@localhost: missing entry.
2022-05-26 13:33:49,981 INFO com.netflix.eureka.registry.AbstractInstanceRegistry [http-nio-8761-exec-8] Registered instance API-TARJETAS/api-tarjetas:e6ea54a4147b4bddccc0c2db54e59a76 with status UP (replication=false)
2022-05-26 13:33:50,491 INFO com.netflix.eureka.registry.AbstractInstanceRegistry [http-nio-8761-exec-10] Registered instance API-TARJETAS/api-tarjetas:e6ea54a4147b4bddccc0c2db54e59a76 with status UP (replication=true)
2022-05-26 13:34:16,539 INFO com.netflix.eureka.registry.AbstractInstanceRegistry$EvictionTask [Eureka-EvictionTimer] Running the evict task with compensationTime 0ms
2022-05-26 13:35:16,540 INFO com.netflix.eureka.registry.AbstractInstanceRegistry$EvictionTask [Eureka-EvictionTimer] Running the evict task with compensationTime 0ms
2022-05-26 13:36:16,541 INFO com.netflix.eureka.registry.AbstractInstanceRegistry$EvictionTask [Eureka-EvictionTimer] Running the evict task with compensationTime 0ms
2022-05-26 13:37:16,541 INFO com.netflix.eureka.registry.AbstractInstanceRegistry$EvictionTask [Eureka-EvictionTimer] Running the evict task with compensationTime 0ms
2022-05-26 13:55:44,749 INFO org.springframework.boot.StartupInfoLogger [restartedMain] Starting EurekaServerApplication using Java 17.0.2 on IBM-PF3AMCN3 with PID 7400 (C:\Users\108000781\Documents\Eureka_Server\target\classes started by 108000781 in C:\Users\108000781\Documents\Eureka_Server)
2022-05-26 13:55:44,761 INFO org.springframework.boot.SpringApplication [restartedMain] No active profile set, falling back to 1 default profile: "default"
2022-05-26 13:55:44,853 INFO org.springframework.boot.logging.DeferredLog [restartedMain] Devtools property defaults active! Set 'spring.devtools.add-properties' to 'false' to disable
2022-05-26 13:55:44,854 INFO org.springframework.boot.logging.DeferredLog [restartedMain] For additional web related logging consider setting the 'logging.level.web' property to 'DEBUG'
2022-05-26 13:55:46,795 INFO org.springframework.cloud.context.scope.GenericScope [restartedMain] BeanFactory id=33c69553-704c-3286-8509-52140707e803
2022-05-26 13:55:47,620 INFO org.springframework.boot.web.embedded.tomcat.TomcatWebServer [restartedMain] Tomcat initialized with port(s): 8761 (http)
2022-05-26 13:55:47,637 INFO org.apache.juli.logging.DirectJDKLog [restartedMain] Initializing ProtocolHandler ["http-nio-8761"]
2022-05-26 13:55:47,639 INFO org.apache.juli.logging.DirectJDKLog [restartedMain] Starting service [Tomcat]
2022-05-26 13:55:47,640 INFO org.apache.juli.logging.DirectJDKLog [restartedMain] Starting Servlet engine: [Apache Tomcat/9.0.63]
2022-05-26 13:55:47,776 INFO org.apache.juli.logging.DirectJDKLog [restartedMain] Initializing Spring embedded WebApplicationContext
2022-05-26 13:55:47,776 INFO org.springframework.boot.web.servlet.context.ServletWebServerApplicationContext [restartedMain] Root WebApplicationContext: initialization completed in 2921 ms
2022-05-26 13:55:48,533 INFO com.sun.jersey.server.impl.application.WebApplicationImpl [restartedMain] Initiating Jersey application, version 'Jersey: 1.19.4 05/24/2017 03:20 PM'
2022-05-26 13:55:48,644 INFO com.netflix.discovery.provider.DiscoveryJerseyProvider [restartedMain] Using JSON encoding codec LegacyJacksonJson
2022-05-26 13:55:48,647 INFO com.netflix.discovery.provider.DiscoveryJerseyProvider [restartedMain] Using JSON decoding codec LegacyJacksonJson
2022-05-26 13:55:48,926 INFO com.netflix.discovery.provider.DiscoveryJerseyProvider [restartedMain] Using XML encoding codec XStreamXml
2022-05-26 13:55:48,926 INFO com.netflix.discovery.provider.DiscoveryJerseyProvider [restartedMain] Using XML decoding codec XStreamXml
2022-05-26 13:55:51,220 INFO org.springframework.boot.devtools.autoconfigure.OptionalLiveReloadServer [restartedMain] LiveReload server is running on port 35729
2022-05-26 13:55:51,499 INFO org.springframework.cloud.netflix.eureka.config.DiscoveryClientOptionalArgsConfiguration [restartedMain] Eureka HTTP Client uses Jersey
2022-05-26 13:55:51,576 WARN org.springframework.cloud.loadbalancer.config.LoadBalancerCacheAutoConfiguration$LoadBalancerCaffeineWarnLogger [restartedMain] Spring Cloud LoadBalancer is currently working with the default cache. While this cache implementation is useful for development and tests, it's recommended to use Caffeine cache in production.You can switch to using Caffeine cache, by adding it and org.springframework.cache.caffeine.CaffeineCacheManager to the classpath.
2022-05-26 13:55:51,595 INFO org.springframework.cloud.netflix.eureka.InstanceInfoFactory [restartedMain] Setting initial instance status as: STARTING
2022-05-26 13:55:51,641 INFO com.netflix.discovery.DiscoveryClient [restartedMain] Initializing Eureka in region us-east-1
2022-05-26 13:55:51,641 INFO com.netflix.discovery.DiscoveryClient [restartedMain] Client configured to neither register nor query for data.
2022-05-26 13:55:51,650 INFO com.netflix.discovery.DiscoveryClient [restartedMain] Discovery Client initialized at timestamp 1653591351649 with initial instances count: 0
2022-05-26 13:55:51,708 INFO com.netflix.eureka.DefaultEurekaServerContext [restartedMain] Initializing ...
2022-05-26 13:55:51,715 INFO com.netflix.eureka.cluster.PeerEurekaNodes [restartedMain] Adding new peer nodes [http://localhost:8761/eureka/]
2022-05-26 13:55:51,993 INFO com.netflix.discovery.provider.DiscoveryJerseyProvider [restartedMain] Using JSON encoding codec LegacyJacksonJson
2022-05-26 13:55:51,994 INFO com.netflix.discovery.provider.DiscoveryJerseyProvider [restartedMain] Using JSON decoding codec LegacyJacksonJson
2022-05-26 13:55:51,994 INFO com.netflix.discovery.provider.DiscoveryJerseyProvider [restartedMain] Using XML encoding codec XStreamXml
2022-05-26 13:55:51,995 INFO com.netflix.discovery.provider.DiscoveryJerseyProvider [restartedMain] Using XML decoding codec XStreamXml
2022-05-26 13:55:52,373 INFO com.netflix.eureka.cluster.PeerEurekaNodes [restartedMain] Replica node URL:  http://localhost:8761/eureka/
2022-05-26 13:55:52,437 INFO com.netflix.eureka.registry.AbstractInstanceRegistry [restartedMain] Finished initializing remote region registries. All known remote regions: []
2022-05-26 13:55:52,449 INFO com.netflix.eureka.DefaultEurekaServerContext [restartedMain] Initialized
2022-05-26 13:55:52,460 INFO org.springframework.boot.actuate.endpoint.web.EndpointLinksResolver [restartedMain] Exposing 1 endpoint(s) beneath base path '/actuator'
2022-05-26 13:55:52,562 INFO org.springframework.cloud.netflix.eureka.serviceregistry.EurekaServiceRegistry [restartedMain] Registering application API-EUREKA-SERVER with eureka with status UP
2022-05-26 13:55:52,566 INFO org.apache.juli.logging.DirectJDKLog [restartedMain] Starting ProtocolHandler ["http-nio-8761"]
2022-05-26 13:55:52,581 INFO org.springframework.cloud.netflix.eureka.server.EurekaServerBootstrap [Thread-15] isAws returned false
2022-05-26 13:55:52,583 INFO org.springframework.cloud.netflix.eureka.server.EurekaServerBootstrap [Thread-15] Initialized server context
2022-05-26 13:55:52,583 INFO com.netflix.eureka.registry.PeerAwareInstanceRegistryImpl [Thread-15] Got 1 instances from neighboring DS node
2022-05-26 13:55:52,584 INFO com.netflix.eureka.registry.PeerAwareInstanceRegistryImpl [Thread-15] Renew threshold is: 1
2022-05-26 13:55:52,584 INFO com.netflix.eureka.registry.PeerAwareInstanceRegistryImpl [Thread-15] Changing status to UP
2022-05-26 13:55:52,607 INFO org.springframework.boot.web.embedded.tomcat.TomcatWebServer [restartedMain] Tomcat started on port(s): 8761 (http) with context path ''
2022-05-26 13:55:52,609 INFO org.springframework.cloud.netflix.eureka.serviceregistry.EurekaAutoServiceRegistration [restartedMain] Updating port to 8761
2022-05-26 13:55:52,688 INFO org.springframework.cloud.netflix.eureka.server.EurekaServerInitializerConfiguration [Thread-15] Started Eureka Server
2022-05-26 13:55:52,831 INFO org.apache.juli.logging.DirectJDKLog [RMI TCP Connection(3)-127.0.0.1] Initializing Spring DispatcherServlet 'dispatcherServlet'
2022-05-26 13:55:52,832 INFO org.springframework.web.servlet.FrameworkServlet [RMI TCP Connection(3)-127.0.0.1] Initializing Servlet 'dispatcherServlet'
2022-05-26 13:55:52,834 INFO org.springframework.web.servlet.FrameworkServlet [RMI TCP Connection(3)-127.0.0.1] Completed initialization in 2 ms
2022-05-26 13:55:52,867 INFO org.springframework.boot.StartupInfoLogger [restartedMain] Started EurekaServerApplication in 9.147 seconds (JVM running for 11.689)
2022-05-26 13:56:10,127 INFO com.netflix.eureka.registry.AbstractInstanceRegistry [http-nio-8761-exec-2] Registered instance API-TARJETAS/api-tarjetas:a2048a3d04ee6e609d3a2646d7e69475 with status UP (replication=false)
2022-05-26 13:56:10,778 INFO com.netflix.eureka.registry.AbstractInstanceRegistry [http-nio-8761-exec-3] Registered instance API-TARJETAS/api-tarjetas:a2048a3d04ee6e609d3a2646d7e69475 with status UP (replication=true)
2022-05-26 13:56:38,560 INFO com.netflix.eureka.registry.AbstractInstanceRegistry [http-nio-8761-exec-5] Registered instance API-GATEWAY-SERVER-TARJETAS/api-gateway-server-tarjetas:4914ac2b65570b2f82d772e57c0f3a6c with status UP (replication=false)
2022-05-26 13:56:39,070 INFO com.netflix.eureka.registry.AbstractInstanceRegistry [http-nio-8761-exec-6] Registered instance API-GATEWAY-SERVER-TARJETAS/api-gateway-server-tarjetas:4914ac2b65570b2f82d772e57c0f3a6c with status UP (replication=true)
2022-05-26 13:56:43,880 INFO com.netflix.eureka.registry.AbstractInstanceRegistry [http-nio-8761-exec-10] Cancelled instance API-GATEWAY-SERVER-TARJETAS/api-gateway-server-tarjetas:4914ac2b65570b2f82d772e57c0f3a6c (replication=false)
2022-05-26 13:56:44,390 WARN com.netflix.eureka.registry.AbstractInstanceRegistry [http-nio-8761-exec-1] DS: Registry: cancel failed because Lease is not registered for: API-GATEWAY-SERVER-TARJETAS/api-gateway-server-tarjetas:4914ac2b65570b2f82d772e57c0f3a6c
2022-05-26 13:56:44,391 INFO com.netflix.eureka.resources.InstanceResource [http-nio-8761-exec-1] Not Found (Cancel): API-GATEWAY-SERVER-TARJETAS - api-gateway-server-tarjetas:4914ac2b65570b2f82d772e57c0f3a6c
2022-05-26 13:56:44,395 WARN com.netflix.eureka.cluster.ReplicationTask [TaskBatchingWorker-target_localhost-12] The replication of task API-GATEWAY-SERVER-TARJETAS/api-gateway-server-tarjetas:4914ac2b65570b2f82d772e57c0f3a6c:Cancel@localhost failed with response code 404
2022-05-26 13:56:44,396 WARN com.netflix.eureka.cluster.PeerEurekaNode$2 [TaskBatchingWorker-target_localhost-12] API-GATEWAY-SERVER-TARJETAS/api-gateway-server-tarjetas:4914ac2b65570b2f82d772e57c0f3a6c:Cancel@localhost: missing entry.
2022-05-26 13:56:52,585 INFO com.netflix.eureka.registry.AbstractInstanceRegistry$EvictionTask [Eureka-EvictionTimer] Running the evict task with compensationTime 0ms
2022-05-26 13:57:21,988 INFO com.netflix.eureka.registry.AbstractInstanceRegistry [http-nio-8761-exec-9] Registered instance API-GATEWAY-SERVER-TARJETAS/api-gateway-server-tarjetas:b25b117ca218f11b329e26343217b2f0 with status UP (replication=false)
2022-05-26 13:57:22,503 INFO com.netflix.eureka.registry.AbstractInstanceRegistry [http-nio-8761-exec-10] Registered instance API-GATEWAY-SERVER-TARJETAS/api-gateway-server-tarjetas:b25b117ca218f11b329e26343217b2f0 with status UP (replication=true)
2022-05-26 13:57:27,429 INFO com.netflix.eureka.registry.AbstractInstanceRegistry [http-nio-8761-exec-1] Cancelled instance API-GATEWAY-SERVER-TARJETAS/api-gateway-server-tarjetas:b25b117ca218f11b329e26343217b2f0 (replication=false)
2022-05-26 13:57:27,945 WARN com.netflix.eureka.registry.AbstractInstanceRegistry [http-nio-8761-exec-2] DS: Registry: cancel failed because Lease is not registered for: API-GATEWAY-SERVER-TARJETAS/api-gateway-server-tarjetas:b25b117ca218f11b329e26343217b2f0
2022-05-26 13:57:27,947 INFO com.netflix.eureka.resources.InstanceResource [http-nio-8761-exec-2] Not Found (Cancel): API-GATEWAY-SERVER-TARJETAS - api-gateway-server-tarjetas:b25b117ca218f11b329e26343217b2f0
2022-05-26 13:57:27,950 WARN com.netflix.eureka.cluster.ReplicationTask [TaskBatchingWorker-target_localhost-5] The replication of task API-GATEWAY-SERVER-TARJETAS/api-gateway-server-tarjetas:b25b117ca218f11b329e26343217b2f0:Cancel@localhost failed with response code 404
2022-05-26 13:57:27,950 WARN com.netflix.eureka.cluster.PeerEurekaNode$2 [TaskBatchingWorker-target_localhost-5] API-GATEWAY-SERVER-TARJETAS/api-gateway-server-tarjetas:b25b117ca218f11b329e26343217b2f0:Cancel@localhost: missing entry.
2022-05-26 13:57:52,586 INFO com.netflix.eureka.registry.AbstractInstanceRegistry$EvictionTask [Eureka-EvictionTimer] Running the evict task with compensationTime 0ms
2022-05-26 13:58:52,586 INFO com.netflix.eureka.registry.AbstractInstanceRegistry$EvictionTask [Eureka-EvictionTimer] Running the evict task with compensationTime 0ms
2022-05-26 13:59:52,587 INFO com.netflix.eureka.registry.AbstractInstanceRegistry$EvictionTask [Eureka-EvictionTimer] Running the evict task with compensationTime 0ms
2022-05-26 14:00:47,029 INFO com.netflix.eureka.registry.AbstractInstanceRegistry [http-nio-8761-exec-9] Registered instance API-GATEWAY-SERVER-TARJETAS/api-gateway-server-tarjetas:33f10f0a66652c385c36ca122606b020 with status UP (replication=false)
2022-05-26 14:00:47,540 INFO com.netflix.eureka.registry.AbstractInstanceRegistry [http-nio-8761-exec-10] Registered instance API-GATEWAY-SERVER-TARJETAS/api-gateway-server-tarjetas:33f10f0a66652c385c36ca122606b020 with status UP (replication=true)
2022-05-26 14:00:52,550 INFO com.netflix.eureka.registry.AbstractInstanceRegistry [http-nio-8761-exec-1] Cancelled instance API-GATEWAY-SERVER-TARJETAS/api-gateway-server-tarjetas:33f10f0a66652c385c36ca122606b020 (replication=false)
2022-05-26 14:00:52,592 INFO com.netflix.eureka.registry.AbstractInstanceRegistry$EvictionTask [Eureka-EvictionTimer] Running the evict task with compensationTime 4ms
2022-05-26 14:00:53,067 WARN com.netflix.eureka.registry.AbstractInstanceRegistry [http-nio-8761-exec-2] DS: Registry: cancel failed because Lease is not registered for: API-GATEWAY-SERVER-TARJETAS/api-gateway-server-tarjetas:33f10f0a66652c385c36ca122606b020
2022-05-26 14:00:53,068 INFO com.netflix.eureka.resources.InstanceResource [http-nio-8761-exec-2] Not Found (Cancel): API-GATEWAY-SERVER-TARJETAS - api-gateway-server-tarjetas:33f10f0a66652c385c36ca122606b020
2022-05-26 14:00:53,070 WARN com.netflix.eureka.cluster.ReplicationTask [TaskBatchingWorker-target_localhost-11] The replication of task API-GATEWAY-SERVER-TARJETAS/api-gateway-server-tarjetas:33f10f0a66652c385c36ca122606b020:Cancel@localhost failed with response code 404
2022-05-26 14:00:53,070 WARN com.netflix.eureka.cluster.PeerEurekaNode$2 [TaskBatchingWorker-target_localhost-11] API-GATEWAY-SERVER-TARJETAS/api-gateway-server-tarjetas:33f10f0a66652c385c36ca122606b020:Cancel@localhost: missing entry.
2022-05-26 14:01:52,593 INFO com.netflix.eureka.registry.AbstractInstanceRegistry$EvictionTask [Eureka-EvictionTimer] Running the evict task with compensationTime 0ms
2022-05-26 14:02:38,944 INFO com.netflix.eureka.registry.AbstractInstanceRegistry [http-nio-8761-exec-5] Registered instance API-GATEWAY-SERVER-TARJETAS/api-gateway-server-tarjetas:b25392f3c41c7ed8227e531f096a5253 with status UP (replication=false)
2022-05-26 14:02:39,460 INFO com.netflix.eureka.registry.AbstractInstanceRegistry [http-nio-8761-exec-6] Registered instance API-GATEWAY-SERVER-TARJETAS/api-gateway-server-tarjetas:b25392f3c41c7ed8227e531f096a5253 with status UP (replication=true)
2022-05-26 14:02:44,476 INFO com.netflix.eureka.registry.AbstractInstanceRegistry [http-nio-8761-exec-10] Cancelled instance API-GATEWAY-SERVER-TARJETAS/api-gateway-server-tarjetas:b25392f3c41c7ed8227e531f096a5253 (replication=false)
2022-05-26 14:02:44,984 WARN com.netflix.eureka.registry.AbstractInstanceRegistry [http-nio-8761-exec-1] DS: Registry: cancel failed because Lease is not registered for: API-GATEWAY-SERVER-TARJETAS/api-gateway-server-tarjetas:b25392f3c41c7ed8227e531f096a5253
2022-05-26 14:02:44,986 INFO com.netflix.eureka.resources.InstanceResource [http-nio-8761-exec-1] Not Found (Cancel): API-GATEWAY-SERVER-TARJETAS - api-gateway-server-tarjetas:b25392f3c41c7ed8227e531f096a5253
2022-05-26 14:02:44,988 WARN com.netflix.eureka.cluster.ReplicationTask [TaskBatchingWorker-target_localhost-17] The replication of task API-GATEWAY-SERVER-TARJETAS/api-gateway-server-tarjetas:b25392f3c41c7ed8227e531f096a5253:Cancel@localhost failed with response code 404
2022-05-26 14:02:44,990 WARN com.netflix.eureka.cluster.PeerEurekaNode$2 [TaskBatchingWorker-target_localhost-17] API-GATEWAY-SERVER-TARJETAS/api-gateway-server-tarjetas:b25392f3c41c7ed8227e531f096a5253:Cancel@localhost: missing entry.
2022-05-26 14:02:52,596 INFO com.netflix.eureka.registry.AbstractInstanceRegistry$EvictionTask [Eureka-EvictionTimer] Running the evict task with compensationTime 3ms
2022-05-26 14:03:33,728 INFO com.netflix.eureka.registry.AbstractInstanceRegistry [http-nio-8761-exec-8] Registered instance API-GATEWAY-SERVER-TARJETAS/host.docker.internal:api-gateway-server-tarjetas:8090 with status UP (replication=false)
2022-05-26 14:03:34,240 INFO com.netflix.eureka.registry.AbstractInstanceRegistry [http-nio-8761-exec-9] Registered instance API-GATEWAY-SERVER-TARJETAS/host.docker.internal:api-gateway-server-tarjetas:8090 with status UP (replication=true)
2022-05-26 14:03:52,597 INFO com.netflix.eureka.registry.AbstractInstanceRegistry$EvictionTask [Eureka-EvictionTimer] Running the evict task with compensationTime 0ms
2022-05-26 14:04:52,597 INFO com.netflix.eureka.registry.AbstractInstanceRegistry$EvictionTask [Eureka-EvictionTimer] Running the evict task with compensationTime 0ms
2022-05-26 14:05:52,598 INFO com.netflix.eureka.registry.AbstractInstanceRegistry$EvictionTask [Eureka-EvictionTimer] Running the evict task with compensationTime 0ms
2022-05-26 14:06:52,599 INFO com.netflix.eureka.registry.AbstractInstanceRegistry$EvictionTask [Eureka-EvictionTimer] Running the evict task with compensationTime 0ms
2022-05-26 14:07:52,600 INFO com.netflix.eureka.registry.AbstractInstanceRegistry$EvictionTask [Eureka-EvictionTimer] Running the evict task with compensationTime 0ms
2022-05-26 14:08:52,601 INFO com.netflix.eureka.registry.AbstractInstanceRegistry$EvictionTask [Eureka-EvictionTimer] Running the evict task with compensationTime 1ms
2022-05-26 14:09:52,602 INFO com.netflix.eureka.registry.AbstractInstanceRegistry$EvictionTask [Eureka-EvictionTimer] Running the evict task with compensationTime 0ms
2022-05-26 14:10:52,438 INFO com.netflix.eureka.registry.PeerAwareInstanceRegistryImpl [ReplicaAwareInstanceRegistry - RenewalThresholdUpdater] Current renewal threshold is : 5
2022-05-26 14:10:52,602 INFO com.netflix.eureka.registry.AbstractInstanceRegistry$EvictionTask [Eureka-EvictionTimer] Running the evict task with compensationTime 0ms
2022-05-26 14:11:52,602 INFO com.netflix.eureka.registry.AbstractInstanceRegistry$EvictionTask [Eureka-EvictionTimer] Running the evict task with compensationTime 0ms
2022-05-26 14:11:55,686 INFO com.netflix.eureka.registry.AbstractInstanceRegistry [http-nio-8761-exec-1] Registered instance API-TARJETAS/api-tarjetas:a2048a3d04ee6e609d3a2646d7e69475 with status DOWN (replication=false)
2022-05-26 14:11:56,200 INFO com.netflix.eureka.registry.AbstractInstanceRegistry [http-nio-8761-exec-2] Registered instance API-TARJETAS/api-tarjetas:a2048a3d04ee6e609d3a2646d7e69475 with status DOWN (replication=true)
2022-05-26 14:11:58,799 INFO com.netflix.eureka.registry.AbstractInstanceRegistry [http-nio-8761-exec-5] Cancelled instance API-TARJETAS/api-tarjetas:a2048a3d04ee6e609d3a2646d7e69475 (replication=false)
2022-05-26 14:11:59,308 WARN com.netflix.eureka.registry.AbstractInstanceRegistry [http-nio-8761-exec-6] DS: Registry: cancel failed because Lease is not registered for: API-TARJETAS/api-tarjetas:a2048a3d04ee6e609d3a2646d7e69475
2022-05-26 14:11:59,308 INFO com.netflix.eureka.resources.InstanceResource [http-nio-8761-exec-6] Not Found (Cancel): API-TARJETAS - api-tarjetas:a2048a3d04ee6e609d3a2646d7e69475
2022-05-26 14:11:59,310 WARN com.netflix.eureka.cluster.ReplicationTask [TaskBatchingWorker-target_localhost-15] The replication of task API-TARJETAS/api-tarjetas:a2048a3d04ee6e609d3a2646d7e69475:Cancel@localhost failed with response code 404
2022-05-26 14:11:59,311 WARN com.netflix.eureka.cluster.PeerEurekaNode$2 [TaskBatchingWorker-target_localhost-15] API-TARJETAS/api-tarjetas:a2048a3d04ee6e609d3a2646d7e69475:Cancel@localhost: missing entry.
2022-05-26 14:12:02,167 INFO com.netflix.eureka.registry.AbstractInstanceRegistry [http-nio-8761-exec-7] Registered instance API-TARJETAS/api-tarjetas:c4e38e0918e4439c60da8551a4ebcc12 with status UP (replication=false)
2022-05-26 14:12:02,676 INFO com.netflix.eureka.registry.AbstractInstanceRegistry [http-nio-8761-exec-10] Registered instance API-TARJETAS/api-tarjetas:c4e38e0918e4439c60da8551a4ebcc12 with status UP (replication=true)
2022-05-26 14:12:52,603 INFO com.netflix.eureka.registry.AbstractInstanceRegistry$EvictionTask [Eureka-EvictionTimer] Running the evict task with compensationTime 0ms
2022-05-26 14:13:52,603 INFO com.netflix.eureka.registry.AbstractInstanceRegistry$EvictionTask [Eureka-EvictionTimer] Running the evict task with compensationTime 0ms
2022-05-26 14:14:52,603 INFO com.netflix.eureka.registry.AbstractInstanceRegistry$EvictionTask [Eureka-EvictionTimer] Running the evict task with compensationTime 0ms
2022-05-26 14:15:52,604 INFO com.netflix.eureka.registry.AbstractInstanceRegistry$EvictionTask [Eureka-EvictionTimer] Running the evict task with compensationTime 0ms
2022-05-26 14:17:01,579 INFO org.springframework.boot.StartupInfoLogger [restartedMain] Starting EurekaServerApplication using Java 17.0.2 on IBM-PF3AMCN3 with PID 7988 (C:\Users\108000781\Documents\Eureka_Server\target\classes started by 108000781 in C:\Users\108000781\Documents\Eureka_Server)
2022-05-26 14:17:01,591 INFO org.springframework.boot.SpringApplication [restartedMain] No active profile set, falling back to 1 default profile: "default"
2022-05-26 14:17:01,708 INFO org.springframework.boot.logging.DeferredLog [restartedMain] Devtools property defaults active! Set 'spring.devtools.add-properties' to 'false' to disable
2022-05-26 14:17:01,708 INFO org.springframework.boot.logging.DeferredLog [restartedMain] For additional web related logging consider setting the 'logging.level.web' property to 'DEBUG'
2022-05-26 14:17:03,488 INFO org.springframework.cloud.context.scope.GenericScope [restartedMain] BeanFactory id=33c69553-704c-3286-8509-52140707e803
2022-05-26 14:17:04,293 INFO org.springframework.boot.web.embedded.tomcat.TomcatWebServer [restartedMain] Tomcat initialized with port(s): 8761 (http)
2022-05-26 14:17:04,304 INFO org.apache.juli.logging.DirectJDKLog [restartedMain] Initializing ProtocolHandler ["http-nio-8761"]
2022-05-26 14:17:04,305 INFO org.apache.juli.logging.DirectJDKLog [restartedMain] Starting service [Tomcat]
2022-05-26 14:17:04,307 INFO org.apache.juli.logging.DirectJDKLog [restartedMain] Starting Servlet engine: [Apache Tomcat/9.0.63]
2022-05-26 14:17:04,480 INFO org.apache.juli.logging.DirectJDKLog [restartedMain] Initializing Spring embedded WebApplicationContext
2022-05-26 14:17:04,480 INFO org.springframework.boot.web.servlet.context.ServletWebServerApplicationContext [restartedMain] Root WebApplicationContext: initialization completed in 2770 ms
2022-05-26 14:17:05,393 INFO com.sun.jersey.server.impl.application.WebApplicationImpl [restartedMain] Initiating Jersey application, version 'Jersey: 1.19.4 05/24/2017 03:20 PM'
2022-05-26 14:17:05,501 INFO com.netflix.discovery.provider.DiscoveryJerseyProvider [restartedMain] Using JSON encoding codec LegacyJacksonJson
2022-05-26 14:17:05,503 INFO com.netflix.discovery.provider.DiscoveryJerseyProvider [restartedMain] Using JSON decoding codec LegacyJacksonJson
2022-05-26 14:17:05,810 INFO com.netflix.discovery.provider.DiscoveryJerseyProvider [restartedMain] Using XML encoding codec XStreamXml
2022-05-26 14:17:05,810 INFO com.netflix.discovery.provider.DiscoveryJerseyProvider [restartedMain] Using XML decoding codec XStreamXml
2022-05-26 14:17:07,514 INFO org.springframework.boot.devtools.autoconfigure.OptionalLiveReloadServer [restartedMain] LiveReload server is running on port 35729
2022-05-26 14:17:07,697 INFO org.springframework.cloud.netflix.eureka.config.DiscoveryClientOptionalArgsConfiguration [restartedMain] Eureka HTTP Client uses Jersey
2022-05-26 14:17:07,778 WARN org.springframework.cloud.loadbalancer.config.LoadBalancerCacheAutoConfiguration$LoadBalancerCaffeineWarnLogger [restartedMain] Spring Cloud LoadBalancer is currently working with the default cache. While this cache implementation is useful for development and tests, it's recommended to use Caffeine cache in production.You can switch to using Caffeine cache, by adding it and org.springframework.cache.caffeine.CaffeineCacheManager to the classpath.
2022-05-26 14:17:07,804 INFO org.springframework.cloud.netflix.eureka.InstanceInfoFactory [restartedMain] Setting initial instance status as: STARTING
2022-05-26 14:17:07,839 INFO com.netflix.discovery.DiscoveryClient [restartedMain] Initializing Eureka in region us-east-1
2022-05-26 14:17:07,839 INFO com.netflix.discovery.DiscoveryClient [restartedMain] Client configured to neither register nor query for data.
2022-05-26 14:17:07,853 INFO com.netflix.discovery.DiscoveryClient [restartedMain] Discovery Client initialized at timestamp 1653592627851 with initial instances count: 0
2022-05-26 14:17:07,924 INFO com.netflix.eureka.DefaultEurekaServerContext [restartedMain] Initializing ...
2022-05-26 14:17:07,928 INFO com.netflix.eureka.cluster.PeerEurekaNodes [restartedMain] Adding new peer nodes [http://localhost:8761/eureka/]
2022-05-26 14:17:08,194 INFO com.netflix.discovery.provider.DiscoveryJerseyProvider [restartedMain] Using JSON encoding codec LegacyJacksonJson
2022-05-26 14:17:08,195 INFO com.netflix.discovery.provider.DiscoveryJerseyProvider [restartedMain] Using JSON decoding codec LegacyJacksonJson
2022-05-26 14:17:08,195 INFO com.netflix.discovery.provider.DiscoveryJerseyProvider [restartedMain] Using XML encoding codec XStreamXml
2022-05-26 14:17:08,196 INFO com.netflix.discovery.provider.DiscoveryJerseyProvider [restartedMain] Using XML decoding codec XStreamXml
2022-05-26 14:17:08,550 INFO com.netflix.eureka.cluster.PeerEurekaNodes [restartedMain] Replica node URL:  http://localhost:8761/eureka/
2022-05-26 14:17:08,632 INFO com.netflix.eureka.registry.AbstractInstanceRegistry [restartedMain] Finished initializing remote region registries. All known remote regions: []
2022-05-26 14:17:08,653 INFO com.netflix.eureka.DefaultEurekaServerContext [restartedMain] Initialized
2022-05-26 14:17:08,687 INFO org.springframework.boot.actuate.endpoint.web.EndpointLinksResolver [restartedMain] Exposing 1 endpoint(s) beneath base path '/actuator'
2022-05-26 14:17:08,841 INFO org.springframework.cloud.netflix.eureka.serviceregistry.EurekaServiceRegistry [restartedMain] Registering application API-EUREKA-SERVER with eureka with status UP
2022-05-26 14:17:08,849 INFO org.apache.juli.logging.DirectJDKLog [restartedMain] Starting ProtocolHandler ["http-nio-8761"]
2022-05-26 14:17:08,867 INFO org.springframework.cloud.netflix.eureka.server.EurekaServerBootstrap [Thread-15] isAws returned false
2022-05-26 14:17:08,868 INFO org.springframework.cloud.netflix.eureka.server.EurekaServerBootstrap [Thread-15] Initialized server context
2022-05-26 14:17:08,868 INFO com.netflix.eureka.registry.PeerAwareInstanceRegistryImpl [Thread-15] Got 1 instances from neighboring DS node
2022-05-26 14:17:08,869 INFO com.netflix.eureka.registry.PeerAwareInstanceRegistryImpl [Thread-15] Renew threshold is: 1
2022-05-26 14:17:08,869 INFO com.netflix.eureka.registry.PeerAwareInstanceRegistryImpl [Thread-15] Changing status to UP
2022-05-26 14:17:08,907 INFO org.springframework.boot.web.embedded.tomcat.TomcatWebServer [restartedMain] Tomcat started on port(s): 8761 (http) with context path ''
2022-05-26 14:17:08,909 INFO org.springframework.cloud.netflix.eureka.serviceregistry.EurekaAutoServiceRegistration [restartedMain] Updating port to 8761
2022-05-26 14:17:08,998 INFO org.springframework.cloud.netflix.eureka.server.EurekaServerInitializerConfiguration [Thread-15] Started Eureka Server
2022-05-26 14:17:09,256 INFO org.springframework.boot.StartupInfoLogger [restartedMain] Started EurekaServerApplication in 8.545 seconds (JVM running for 10.806)
2022-05-26 14:17:09,687 INFO org.apache.juli.logging.DirectJDKLog [RMI TCP Connection(3)-127.0.0.1] Initializing Spring DispatcherServlet 'dispatcherServlet'
2022-05-26 14:17:09,688 INFO org.springframework.web.servlet.FrameworkServlet [RMI TCP Connection(3)-127.0.0.1] Initializing Servlet 'dispatcherServlet'
2022-05-26 14:17:09,691 INFO org.springframework.web.servlet.FrameworkServlet [RMI TCP Connection(3)-127.0.0.1] Completed initialization in 2 ms
2022-05-26 14:17:26,052 INFO com.netflix.eureka.registry.AbstractInstanceRegistry [http-nio-8761-exec-2] Registered instance API-TARJETAS/api-tarjetas:9a49cadb1370f8fc26ee7214bce11a15 with status UP (replication=false)
2022-05-26 14:17:26,672 INFO com.netflix.eureka.registry.AbstractInstanceRegistry [http-nio-8761-exec-3] Registered instance API-TARJETAS/api-tarjetas:9a49cadb1370f8fc26ee7214bce11a15 with status UP (replication=true)
2022-05-26 14:17:46,113 INFO com.netflix.eureka.registry.AbstractInstanceRegistry [http-nio-8761-exec-5] Registered instance API-GATEWAY-SERVER-TARJETAS/host.docker.internal:api-gateway-server-tarjetas:8090 with status UP (replication=false)
2022-05-26 14:17:46,626 INFO com.netflix.eureka.registry.AbstractInstanceRegistry [http-nio-8761-exec-6] Registered instance API-GATEWAY-SERVER-TARJETAS/host.docker.internal:api-gateway-server-tarjetas:8090 with status UP (replication=true)
2022-05-26 14:18:08,872 INFO com.netflix.eureka.registry.AbstractInstanceRegistry$EvictionTask [Eureka-EvictionTimer] Running the evict task with compensationTime 0ms
2022-05-26 14:19:08,873 INFO com.netflix.eureka.registry.AbstractInstanceRegistry$EvictionTask [Eureka-EvictionTimer] Running the evict task with compensationTime 0ms
2022-05-26 14:20:08,873 INFO com.netflix.eureka.registry.AbstractInstanceRegistry$EvictionTask [Eureka-EvictionTimer] Running the evict task with compensationTime 0ms
2022-05-26 14:21:08,873 INFO com.netflix.eureka.registry.AbstractInstanceRegistry$EvictionTask [Eureka-EvictionTimer] Running the evict task with compensationTime 0ms
2022-05-26 14:22:08,874 INFO com.netflix.eureka.registry.AbstractInstanceRegistry$EvictionTask [Eureka-EvictionTimer] Running the evict task with compensationTime 0ms
2022-05-26 14:23:08,885 INFO com.netflix.eureka.registry.AbstractInstanceRegistry$EvictionTask [Eureka-EvictionTimer] Running the evict task with compensationTime 10ms
2022-05-26 14:23:55,914 INFO com.netflix.eureka.registry.AbstractInstanceRegistry [http-nio-8761-exec-9] Registered instance API-GATEWAY-SERVER-TARJETAS/host.docker.internal:api-gateway-server-tarjetas:8090 with status DOWN (replication=false)
2022-05-26 14:23:56,421 INFO com.netflix.eureka.registry.AbstractInstanceRegistry [http-nio-8761-exec-1] Registered instance API-GATEWAY-SERVER-TARJETAS/host.docker.internal:api-gateway-server-tarjetas:8090 with status DOWN (replication=true)
2022-05-26 14:24:01,074 INFO com.netflix.eureka.registry.AbstractInstanceRegistry [http-nio-8761-exec-3] Cancelled instance API-GATEWAY-SERVER-TARJETAS/host.docker.internal:api-gateway-server-tarjetas:8090 (replication=false)
2022-05-26 14:24:01,588 WARN com.netflix.eureka.registry.AbstractInstanceRegistry [http-nio-8761-exec-7] DS: Registry: cancel failed because Lease is not registered for: API-GATEWAY-SERVER-TARJETAS/host.docker.internal:api-gateway-server-tarjetas:8090
2022-05-26 14:24:01,590 INFO com.netflix.eureka.resources.InstanceResource [http-nio-8761-exec-7] Not Found (Cancel): API-GATEWAY-SERVER-TARJETAS - host.docker.internal:api-gateway-server-tarjetas:8090
2022-05-26 14:24:01,593 WARN com.netflix.eureka.cluster.ReplicationTask [TaskBatchingWorker-target_localhost-2] The replication of task API-GATEWAY-SERVER-TARJETAS/host.docker.internal:api-gateway-server-tarjetas:8090:Cancel@localhost failed with response code 404
2022-05-26 14:24:01,594 WARN com.netflix.eureka.cluster.PeerEurekaNode$2 [TaskBatchingWorker-target_localhost-2] API-GATEWAY-SERVER-TARJETAS/host.docker.internal:api-gateway-server-tarjetas:8090:Cancel@localhost: missing entry.
2022-05-26 14:24:05,772 INFO com.netflix.eureka.registry.AbstractInstanceRegistry [http-nio-8761-exec-8] Registered instance API-GATEWAY-SERVER-TARJETAS/host.docker.internal:api-gateway-server-tarjetas:8090 with status UP (replication=false)
2022-05-26 14:24:06,293 INFO com.netflix.eureka.registry.AbstractInstanceRegistry [http-nio-8761-exec-9] Registered instance API-GATEWAY-SERVER-TARJETAS/host.docker.internal:api-gateway-server-tarjetas:8090 with status UP (replication=true)
2022-05-26 14:24:08,885 INFO com.netflix.eureka.registry.AbstractInstanceRegistry$EvictionTask [Eureka-EvictionTimer] Running the evict task with compensationTime 0ms
2022-05-26 14:24:09,848 INFO com.netflix.eureka.registry.AbstractInstanceRegistry [http-nio-8761-exec-10] Registered instance API-GATEWAY-SERVER-TARJETAS/host.docker.internal:api-gateway-server-tarjetas:8090 with status DOWN (replication=false)
2022-05-26 14:24:10,360 INFO com.netflix.eureka.registry.AbstractInstanceRegistry [http-nio-8761-exec-2] Registered instance API-GATEWAY-SERVER-TARJETAS/host.docker.internal:api-gateway-server-tarjetas:8090 with status DOWN (replication=true)
2022-05-26 14:24:14,934 INFO com.netflix.eureka.registry.AbstractInstanceRegistry [http-nio-8761-exec-1] Cancelled instance API-GATEWAY-SERVER-TARJETAS/host.docker.internal:api-gateway-server-tarjetas:8090 (replication=false)
2022-05-26 14:24:15,443 WARN com.netflix.eureka.registry.AbstractInstanceRegistry [http-nio-8761-exec-3] DS: Registry: cancel failed because Lease is not registered for: API-GATEWAY-SERVER-TARJETAS/host.docker.internal:api-gateway-server-tarjetas:8090
2022-05-26 14:24:15,444 INFO com.netflix.eureka.resources.InstanceResource [http-nio-8761-exec-3] Not Found (Cancel): API-GATEWAY-SERVER-TARJETAS - host.docker.internal:api-gateway-server-tarjetas:8090
2022-05-26 14:24:15,447 WARN com.netflix.eureka.cluster.ReplicationTask [TaskBatchingWorker-target_localhost-0] The replication of task API-GATEWAY-SERVER-TARJETAS/host.docker.internal:api-gateway-server-tarjetas:8090:Cancel@localhost failed with response code 404
2022-05-26 14:24:15,447 WARN com.netflix.eureka.cluster.PeerEurekaNode$2 [TaskBatchingWorker-target_localhost-0] API-GATEWAY-SERVER-TARJETAS/host.docker.internal:api-gateway-server-tarjetas:8090:Cancel@localhost: missing entry.
2022-05-26 14:24:28,512 INFO com.netflix.eureka.registry.AbstractInstanceRegistry [http-nio-8761-exec-10] Registered instance API-GATEWAY-SERVER-TARJETAS/host.docker.internal:api-gateway-server-tarjetas:8090 with status UP (replication=false)
2022-05-26 14:24:29,018 INFO com.netflix.eureka.registry.AbstractInstanceRegistry [http-nio-8761-exec-2] Registered instance API-GATEWAY-SERVER-TARJETAS/host.docker.internal:api-gateway-server-tarjetas:8090 with status UP (replication=true)
2022-05-26 14:25:08,885 INFO com.netflix.eureka.registry.AbstractInstanceRegistry$EvictionTask [Eureka-EvictionTimer] Running the evict task with compensationTime 0ms
2022-05-26 14:25:09,160 INFO com.netflix.eureka.registry.AbstractInstanceRegistry [http-nio-8761-exec-8] Registered instance API-GATEWAY-SERVER-TARJETAS/host.docker.internal:api-gateway-server-tarjetas:8090 with status DOWN (replication=false)
2022-05-26 14:25:09,670 INFO com.netflix.eureka.registry.AbstractInstanceRegistry [http-nio-8761-exec-9] Registered instance API-GATEWAY-SERVER-TARJETAS/host.docker.internal:api-gateway-server-tarjetas:8090 with status DOWN (replication=true)
2022-05-26 14:25:14,294 INFO com.netflix.eureka.registry.AbstractInstanceRegistry [http-nio-8761-exec-10] Cancelled instance API-GATEWAY-SERVER-TARJETAS/host.docker.internal:api-gateway-server-tarjetas:8090 (replication=false)
2022-05-26 14:25:14,808 WARN com.netflix.eureka.registry.AbstractInstanceRegistry [http-nio-8761-exec-3] DS: Registry: cancel failed because Lease is not registered for: API-GATEWAY-SERVER-TARJETAS/host.docker.internal:api-gateway-server-tarjetas:8090
2022-05-26 14:25:14,809 INFO com.netflix.eureka.resources.InstanceResource [http-nio-8761-exec-3] Not Found (Cancel): API-GATEWAY-SERVER-TARJETAS - host.docker.internal:api-gateway-server-tarjetas:8090
2022-05-26 14:25:14,810 WARN com.netflix.eureka.cluster.ReplicationTask [TaskBatchingWorker-target_localhost-3] The replication of task API-GATEWAY-SERVER-TARJETAS/host.docker.internal:api-gateway-server-tarjetas:8090:Cancel@localhost failed with response code 404
2022-05-26 14:25:14,810 WARN com.netflix.eureka.cluster.PeerEurekaNode$2 [TaskBatchingWorker-target_localhost-3] API-GATEWAY-SERVER-TARJETAS/host.docker.internal:api-gateway-server-tarjetas:8090:Cancel@localhost: missing entry.
2022-05-26 14:25:16,097 INFO com.netflix.eureka.registry.AbstractInstanceRegistry [http-nio-8761-exec-5] Registered instance API-GATEWAY-SERVER-TARJETAS/host.docker.internal:api-gateway-server-tarjetas:8090 with status UP (replication=false)
2022-05-26 14:25:16,609 INFO com.netflix.eureka.registry.AbstractInstanceRegistry [http-nio-8761-exec-7] Registered instance API-GATEWAY-SERVER-TARJETAS/host.docker.internal:api-gateway-server-tarjetas:8090 with status UP (replication=true)
2022-05-26 14:26:08,885 INFO com.netflix.eureka.registry.AbstractInstanceRegistry$EvictionTask [Eureka-EvictionTimer] Running the evict task with compensationTime 0ms
2022-05-26 14:27:08,886 INFO com.netflix.eureka.registry.AbstractInstanceRegistry$EvictionTask [Eureka-EvictionTimer] Running the evict task with compensationTime 0ms
2022-05-26 14:28:08,887 INFO com.netflix.eureka.registry.AbstractInstanceRegistry$EvictionTask [Eureka-EvictionTimer] Running the evict task with compensationTime 0ms
2022-05-26 14:29:08,900 INFO com.netflix.eureka.registry.AbstractInstanceRegistry$EvictionTask [Eureka-EvictionTimer] Running the evict task with compensationTime 13ms
2022-05-26 14:30:08,900 INFO com.netflix.eureka.registry.AbstractInstanceRegistry$EvictionTask [Eureka-EvictionTimer] Running the evict task with compensationTime 0ms
2022-05-26 14:31:08,901 INFO com.netflix.eureka.registry.AbstractInstanceRegistry$EvictionTask [Eureka-EvictionTimer] Running the evict task with compensationTime 0ms
2022-05-26 14:32:08,633 INFO com.netflix.eureka.registry.PeerAwareInstanceRegistryImpl [ReplicaAwareInstanceRegistry - RenewalThresholdUpdater] Current renewal threshold is : 5
2022-05-26 14:32:08,904 INFO com.netflix.eureka.registry.AbstractInstanceRegistry$EvictionTask [Eureka-EvictionTimer] Running the evict task with compensationTime 3ms
2022-05-26 14:33:08,905 INFO com.netflix.eureka.registry.AbstractInstanceRegistry$EvictionTask [Eureka-EvictionTimer] Running the evict task with compensationTime 1ms
2022-05-26 14:34:08,905 INFO com.netflix.eureka.registry.AbstractInstanceRegistry$EvictionTask [Eureka-EvictionTimer] Running the evict task with compensationTime 0ms
2022-05-26 14:35:08,905 INFO com.netflix.eureka.registry.AbstractInstanceRegistry$EvictionTask [Eureka-EvictionTimer] Running the evict task with compensationTime 0ms
2022-05-26 14:36:08,905 INFO com.netflix.eureka.registry.AbstractInstanceRegistry$EvictionTask [Eureka-EvictionTimer] Running the evict task with compensationTime 0ms
2022-05-26 14:37:08,906 INFO com.netflix.eureka.registry.AbstractInstanceRegistry$EvictionTask [Eureka-EvictionTimer] Running the evict task with compensationTime 0ms
2022-05-26 20:58:03,994 INFO org.springframework.boot.StartupInfoLogger [restartedMain] Starting EurekaServerApplication using Java 17.0.2 on IBM-PF3AKWTH with PID 13844 (C:\Users\107999781\Documents\Cursos\Academia\Proyectos\Eureka_Server\target\classes started by 107999781 in C:\Users\107999781\Documents\Cursos\Academia\Proyectos\Eureka_Server)
2022-05-26 20:58:04,002 INFO org.springframework.boot.SpringApplication [restartedMain] No active profile set, falling back to 1 default profile: "default"
2022-05-26 20:58:04,080 INFO org.springframework.boot.logging.DeferredLog [restartedMain] Devtools property defaults active! Set 'spring.devtools.add-properties' to 'false' to disable
2022-05-26 20:58:04,080 INFO org.springframework.boot.logging.DeferredLog [restartedMain] For additional web related logging consider setting the 'logging.level.web' property to 'DEBUG'
2022-05-26 20:58:06,243 INFO org.springframework.cloud.context.scope.GenericScope [restartedMain] BeanFactory id=33c69553-704c-3286-8509-52140707e803
2022-05-26 20:58:07,119 INFO org.springframework.boot.web.embedded.tomcat.TomcatWebServer [restartedMain] Tomcat initialized with port(s): 8761 (http)
2022-05-26 20:58:07,134 INFO org.apache.juli.logging.DirectJDKLog [restartedMain] Initializing ProtocolHandler ["http-nio-8761"]
2022-05-26 20:58:07,135 INFO org.apache.juli.logging.DirectJDKLog [restartedMain] Starting service [Tomcat]
2022-05-26 20:58:07,137 INFO org.apache.juli.logging.DirectJDKLog [restartedMain] Starting Servlet engine: [Apache Tomcat/9.0.63]
2022-05-26 20:58:07,325 INFO org.apache.juli.logging.DirectJDKLog [restartedMain] Initializing Spring embedded WebApplicationContext
2022-05-26 20:58:07,326 INFO org.springframework.boot.web.servlet.context.ServletWebServerApplicationContext [restartedMain] Root WebApplicationContext: initialization completed in 3245 ms
2022-05-26 20:58:08,150 INFO com.sun.jersey.server.impl.application.WebApplicationImpl [restartedMain] Initiating Jersey application, version 'Jersey: 1.19.4 05/24/2017 03:20 PM'
2022-05-26 20:58:08,323 INFO com.netflix.discovery.provider.DiscoveryJerseyProvider [restartedMain] Using JSON encoding codec LegacyJacksonJson
2022-05-26 20:58:08,327 INFO com.netflix.discovery.provider.DiscoveryJerseyProvider [restartedMain] Using JSON decoding codec LegacyJacksonJson
2022-05-26 20:58:08,645 INFO com.netflix.discovery.provider.DiscoveryJerseyProvider [restartedMain] Using XML encoding codec XStreamXml
2022-05-26 20:58:08,646 INFO com.netflix.discovery.provider.DiscoveryJerseyProvider [restartedMain] Using XML decoding codec XStreamXml
2022-05-26 20:58:11,280 INFO org.springframework.boot.devtools.autoconfigure.OptionalLiveReloadServer [restartedMain] LiveReload server is running on port 35729
2022-05-26 20:58:11,554 INFO org.springframework.cloud.netflix.eureka.config.DiscoveryClientOptionalArgsConfiguration [restartedMain] Eureka HTTP Client uses Jersey
2022-05-26 20:58:11,660 WARN org.springframework.cloud.loadbalancer.config.LoadBalancerCacheAutoConfiguration$LoadBalancerCaffeineWarnLogger [restartedMain] Spring Cloud LoadBalancer is currently working with the default cache. While this cache implementation is useful for development and tests, it's recommended to use Caffeine cache in production.You can switch to using Caffeine cache, by adding it and org.springframework.cache.caffeine.CaffeineCacheManager to the classpath.
2022-05-26 20:58:11,704 INFO org.springframework.cloud.netflix.eureka.InstanceInfoFactory [restartedMain] Setting initial instance status as: STARTING
2022-05-26 20:58:11,774 INFO com.netflix.discovery.DiscoveryClient [restartedMain] Initializing Eureka in region us-east-1
2022-05-26 20:58:11,775 INFO com.netflix.discovery.DiscoveryClient [restartedMain] Client configured to neither register nor query for data.
2022-05-26 20:58:11,795 INFO com.netflix.discovery.DiscoveryClient [restartedMain] Discovery Client initialized at timestamp 1653616691792 with initial instances count: 0
2022-05-26 20:58:11,802 INFO org.apache.juli.logging.DirectJDKLog [RMI TCP Connection(1)-127.0.0.1] Initializing Spring DispatcherServlet 'dispatcherServlet'
2022-05-26 20:58:11,803 INFO org.springframework.web.servlet.FrameworkServlet [RMI TCP Connection(1)-127.0.0.1] Initializing Servlet 'dispatcherServlet'
2022-05-26 20:58:11,856 INFO com.netflix.eureka.DefaultEurekaServerContext [restartedMain] Initializing ...
2022-05-26 20:58:11,859 INFO com.netflix.eureka.cluster.PeerEurekaNodes [restartedMain] Adding new peer nodes [http://localhost:8761/eureka/]
2022-05-26 20:58:12,129 INFO com.netflix.discovery.provider.DiscoveryJerseyProvider [restartedMain] Using JSON encoding codec LegacyJacksonJson
2022-05-26 20:58:12,129 INFO com.netflix.discovery.provider.DiscoveryJerseyProvider [restartedMain] Using JSON decoding codec LegacyJacksonJson
2022-05-26 20:58:12,131 INFO com.netflix.discovery.provider.DiscoveryJerseyProvider [restartedMain] Using XML encoding codec XStreamXml
2022-05-26 20:58:12,131 INFO com.netflix.discovery.provider.DiscoveryJerseyProvider [restartedMain] Using XML decoding codec XStreamXml
2022-05-26 20:58:12,567 INFO com.netflix.eureka.cluster.PeerEurekaNodes [restartedMain] Replica node URL:  http://localhost:8761/eureka/
2022-05-26 20:58:12,632 INFO com.netflix.eureka.registry.AbstractInstanceRegistry [restartedMain] Finished initializing remote region registries. All known remote regions: []
2022-05-26 20:58:12,646 INFO com.netflix.eureka.DefaultEurekaServerContext [restartedMain] Initialized
2022-05-26 20:58:12,657 INFO org.springframework.boot.actuate.endpoint.web.EndpointLinksResolver [RMI TCP Connection(1)-127.0.0.1] Exposing 1 endpoint(s) beneath base path '/actuator'
2022-05-26 20:58:12,682 INFO org.springframework.web.servlet.FrameworkServlet [RMI TCP Connection(1)-127.0.0.1] Completed initialization in 879 ms
2022-05-26 20:58:12,837 INFO org.springframework.cloud.netflix.eureka.serviceregistry.EurekaServiceRegistry [restartedMain] Registering application API-EUREKA-SERVER with eureka with status UP
2022-05-26 20:58:12,840 INFO org.apache.juli.logging.DirectJDKLog [restartedMain] Starting ProtocolHandler ["http-nio-8761"]
2022-05-26 20:58:12,856 INFO org.springframework.cloud.netflix.eureka.server.EurekaServerBootstrap [Thread-15] isAws returned false
2022-05-26 20:58:12,857 INFO org.springframework.cloud.netflix.eureka.server.EurekaServerBootstrap [Thread-15] Initialized server context
2022-05-26 20:58:12,859 INFO com.netflix.eureka.registry.PeerAwareInstanceRegistryImpl [Thread-15] Got 1 instances from neighboring DS node
2022-05-26 20:58:12,860 INFO com.netflix.eureka.registry.PeerAwareInstanceRegistryImpl [Thread-15] Renew threshold is: 1
2022-05-26 20:58:12,861 INFO com.netflix.eureka.registry.PeerAwareInstanceRegistryImpl [Thread-15] Changing status to UP
2022-05-26 20:58:12,906 INFO org.springframework.boot.web.embedded.tomcat.TomcatWebServer [restartedMain] Tomcat started on port(s): 8761 (http) with context path ''
2022-05-26 20:58:12,908 INFO org.springframework.cloud.netflix.eureka.serviceregistry.EurekaAutoServiceRegistration [restartedMain] Updating port to 8761
2022-05-26 20:58:12,983 INFO org.springframework.cloud.netflix.eureka.server.EurekaServerInitializerConfiguration [Thread-15] Started Eureka Server
2022-05-26 20:58:13,093 INFO org.springframework.boot.StartupInfoLogger [restartedMain] Started EurekaServerApplication in 10.203 seconds (JVM running for 12.197)
2022-05-26 20:58:49,539 INFO com.netflix.eureka.registry.AbstractInstanceRegistry [http-nio-8761-exec-2] Registered instance API-TARJETAS/api-tarjetas:5733f4e59cf1f0f0d9afcfedd68fc7f1 with status UP (replication=false)
2022-05-26 20:58:50,313 INFO com.netflix.eureka.registry.AbstractInstanceRegistry [http-nio-8761-exec-3] Registered instance API-TARJETAS/api-tarjetas:5733f4e59cf1f0f0d9afcfedd68fc7f1 with status UP (replication=true)
2022-05-26 20:59:12,867 INFO com.netflix.eureka.registry.AbstractInstanceRegistry$EvictionTask [Eureka-EvictionTimer] Running the evict task with compensationTime 0ms
2022-05-26 20:59:15,148 INFO com.netflix.eureka.registry.AbstractInstanceRegistry [http-nio-8761-exec-5] Registered instance API-GATEWAY-SERVER-TARJETAS/host.docker.internal:api-gateway-server-tarjetas:8090 with status UP (replication=false)
2022-05-26 20:59:15,661 INFO com.netflix.eureka.registry.AbstractInstanceRegistry [http-nio-8761-exec-6] Registered instance API-GATEWAY-SERVER-TARJETAS/host.docker.internal:api-gateway-server-tarjetas:8090 with status UP (replication=true)
2022-05-26 21:00:12,868 INFO com.netflix.eureka.registry.AbstractInstanceRegistry$EvictionTask [Eureka-EvictionTimer] Running the evict task with compensationTime 0ms
2022-05-26 21:01:12,868 INFO com.netflix.eureka.registry.AbstractInstanceRegistry$EvictionTask [Eureka-EvictionTimer] Running the evict task with compensationTime 0ms
2022-05-26 21:02:12,869 INFO com.netflix.eureka.registry.AbstractInstanceRegistry$EvictionTask [Eureka-EvictionTimer] Running the evict task with compensationTime 0ms
2022-05-26 21:03:12,869 INFO com.netflix.eureka.registry.AbstractInstanceRegistry$EvictionTask [Eureka-EvictionTimer] Running the evict task with compensationTime 0ms
2022-05-26 21:04:12,870 INFO com.netflix.eureka.registry.AbstractInstanceRegistry$EvictionTask [Eureka-EvictionTimer] Running the evict task with compensationTime 1ms
2022-05-26 21:05:12,871 INFO com.netflix.eureka.registry.AbstractInstanceRegistry$EvictionTask [Eureka-EvictionTimer] Running the evict task with compensationTime 0ms
2022-05-26 21:06:12,872 INFO com.netflix.eureka.registry.AbstractInstanceRegistry$EvictionTask [Eureka-EvictionTimer] Running the evict task with compensationTime 1ms
2022-05-26 21:07:12,872 INFO com.netflix.eureka.registry.AbstractInstanceRegistry$EvictionTask [Eureka-EvictionTimer] Running the evict task with compensationTime 0ms
2022-05-26 21:08:12,873 INFO com.netflix.eureka.registry.AbstractInstanceRegistry$EvictionTask [Eureka-EvictionTimer] Running the evict task with compensationTime 0ms
2022-05-26 21:09:12,873 INFO com.netflix.eureka.registry.AbstractInstanceRegistry$EvictionTask [Eureka-EvictionTimer] Running the evict task with compensationTime 0ms
2022-05-26 21:10:12,874 INFO com.netflix.eureka.registry.AbstractInstanceRegistry$EvictionTask [Eureka-EvictionTimer] Running the evict task with compensationTime 1ms
2022-05-26 21:11:12,875 INFO com.netflix.eureka.registry.AbstractInstanceRegistry$EvictionTask [Eureka-EvictionTimer] Running the evict task with compensationTime 0ms
2022-05-26 21:12:12,875 INFO com.netflix.eureka.registry.AbstractInstanceRegistry$EvictionTask [Eureka-EvictionTimer] Running the evict task with compensationTime 0ms
2022-05-26 21:13:12,642 INFO com.netflix.eureka.registry.PeerAwareInstanceRegistryImpl [ReplicaAwareInstanceRegistry - RenewalThresholdUpdater] Current renewal threshold is : 5
2022-05-26 21:13:12,875 INFO com.netflix.eureka.registry.AbstractInstanceRegistry$EvictionTask [Eureka-EvictionTimer] Running the evict task with compensationTime 0ms
2022-05-26 21:14:12,876 INFO com.netflix.eureka.registry.AbstractInstanceRegistry$EvictionTask [Eureka-EvictionTimer] Running the evict task with compensationTime 0ms
2022-05-26 21:15:12,876 INFO com.netflix.eureka.registry.AbstractInstanceRegistry$EvictionTask [Eureka-EvictionTimer] Running the evict task with compensationTime 0ms
2022-05-26 21:16:12,876 INFO com.netflix.eureka.registry.AbstractInstanceRegistry$EvictionTask [Eureka-EvictionTimer] Running the evict task with compensationTime 0ms
2022-05-26 21:17:12,876 INFO com.netflix.eureka.registry.AbstractInstanceRegistry$EvictionTask [Eureka-EvictionTimer] Running the evict task with compensationTime 0ms
2022-05-26 21:18:12,877 INFO com.netflix.eureka.registry.AbstractInstanceRegistry$EvictionTask [Eureka-EvictionTimer] Running the evict task with compensationTime 0ms
2022-05-26 21:19:12,877 INFO com.netflix.eureka.registry.AbstractInstanceRegistry$EvictionTask [Eureka-EvictionTimer] Running the evict task with compensationTime 0ms
2022-05-26 21:19:19,011 INFO org.springframework.boot.admin.SpringApplicationAdminMXBeanRegistrar$SpringApplicationAdmin [RMI TCP Connection(38)-127.0.0.1] Application shutdown requested.
2022-05-26 21:19:19,014 INFO org.springframework.cloud.netflix.eureka.serviceregistry.EurekaServiceRegistry [RMI TCP Connection(38)-127.0.0.1] Unregistering application API-EUREKA-SERVER with eureka with status DOWN
2022-05-26 21:19:19,052 INFO org.springframework.cloud.netflix.eureka.server.EurekaServerBootstrap [RMI TCP Connection(38)-127.0.0.1] Shutting down Eureka Server..
2022-05-26 21:19:19,147 INFO com.netflix.eureka.DefaultEurekaServerContext [RMI TCP Connection(38)-127.0.0.1] Shutting down ...
2022-05-26 21:19:19,161 INFO com.netflix.servo.monitor.StatsMonitor [RMI TCP Connection(38)-127.0.0.1] Attempting to get the value for an expired monitor: eurekaServer.replication.batchSize.Will start computing stats again.
2022-05-26 21:19:19,182 INFO com.netflix.servo.monitor.StatsMonitor [RMI TCP Connection(38)-127.0.0.1] Attempting to get the value for an expired monitor: eurekaServer.replication.executionTime.Will start computing stats again.
2022-05-26 21:19:19,191 INFO com.netflix.servo.monitor.StatsMonitor [RMI TCP Connection(38)-127.0.0.1] Attempting to get the value for an expired monitor: eurekaServer.replication.executionTime.Will start computing stats again.
2022-05-26 21:19:19,200 INFO com.netflix.servo.monitor.StatsMonitor [RMI TCP Connection(38)-127.0.0.1] Attempting to get the value for an expired monitor: eurekaServer.replication.batchSize.Will start computing stats again.
2022-05-26 21:19:19,461 INFO com.netflix.eureka.DefaultEurekaServerContext [RMI TCP Connection(38)-127.0.0.1] Shut down
2022-05-26 21:19:19,461 INFO org.springframework.cloud.netflix.eureka.server.EurekaServerBootstrap [RMI TCP Connection(38)-127.0.0.1] Eureka Service is now shutdown...
2022-05-26 21:19:19,462 INFO com.netflix.eureka.DefaultEurekaServerContext [RMI TCP Connection(38)-127.0.0.1] Shutting down ...
2022-05-26 21:19:19,610 INFO com.netflix.eureka.DefaultEurekaServerContext [RMI TCP Connection(38)-127.0.0.1] Shut down
2022-05-26 21:19:19,685 INFO com.netflix.discovery.DiscoveryClient [RMI TCP Connection(38)-127.0.0.1] Shutting down DiscoveryClient ...
2022-05-26 21:19:19,701 INFO com.netflix.discovery.DiscoveryClient [RMI TCP Connection(38)-127.0.0.1] Completed shut down of DiscoveryClient
